build/app/intermediates/manifest_merge_blame_file/debug/manifest-merger-blame-debug-report.txt
1<?xml version="1.0" encoding="utf-8"?>
2<manifest xmlns:android="http://schemas.android.com/apk/res/android"
3    package="com.example.test_drive"
4    android:versionCode="1"
5    android:versionName="1.0.0" >
6
7    <uses-sdk
8        android:minSdkVersion="19"
9        android:targetSdkVersion="33" />
10    <!--
11         The INTERNET permission is required for development. Specifically,
12         the Flutter tool needs it to communicate with the running application
13         to allow setting breakpoints, to provide hot reload, etc.
14    -->
15    <uses-permission android:name="android.permission.INTERNET" />
15-->src\main\AndroidManifest.xml:5:5-66
15-->src\main\AndroidManifest.xml:5:22-64
16    <uses-permission android:name="android.permission.ACCESS_NETWORK_STATE" />
16-->src\main\AndroidManifest.xml:6:5-78
16-->src\main\AndroidManifest.xml:6:22-76
17    <!--
18 Required to query activities that can process text, see:
19         https://developer.android.com/training/package-visibility?hl=en and
20         https://developer.android.com/reference/android/content/Intent#ACTION_PROCESS_TEXT.
21
22         In particular, this is used by the Flutter engine in io.flutter.plugin.text.ProcessTextPlugin.
23    -->
24    <queries>
24-->src\main\AndroidManifest.xml:44:5-49:15
25        <intent>
25-->src\main\AndroidManifest.xml:45:9-48:18
26            <action android:name="android.intent.action.PROCESS_TEXT" />
26-->src\main\AndroidManifest.xml:46:13-72
26-->src\main\AndroidManifest.xml:46:21-70
27
28            <data android:mimeType="text/plain" />
28-->src\main\AndroidManifest.xml:47:13-50
28-->src\main\AndroidManifest.xml:47:19-48
29        </intent>
30        <intent>
30-->[:file_picker] AndroidManifest.xml:14:9-18:18
31            <action android:name="android.intent.action.GET_CONTENT" />
31-->[:file_picker] AndroidManifest.xml:15:13-72
31-->[:file_picker] AndroidManifest.xml:15:21-69
32
33            <data android:mimeType="*/*" />
33-->src\main\AndroidManifest.xml:47:13-50
33-->src\main\AndroidManifest.xml:47:19-48
34        </intent>
35    </queries>
36
37    <uses-permission
37-->[:file_picker] AndroidManifest.xml:9:5-11:38
38        android:name="android.permission.READ_EXTERNAL_STORAGE"
38-->[:file_picker] AndroidManifest.xml:10:9-64
39        android:maxSdkVersion="32" />
39-->[:file_picker] AndroidManifest.xml:11:9-35
40
41    <application
42        android:name="android.app.Application"
43        android:appComponentFactory="androidx.core.app.CoreComponentFactory"
43-->[androidx.core:core:1.6.0] AndroidManifest.xml:24:18-86
44        android:debuggable="true"
45        android:icon="@mipmap/ic_launcher"
46        android:label="test_drive" >
47        <activity
48            android:name="com.example.test_drive.MainActivity"
49            android:configChanges="orientation|keyboardHidden|keyboard|screenSize|smallestScreenSize|locale|layoutDirection|fontScale|screenLayout|density|uiMode"
50            android:exported="true"
51            android:hardwareAccelerated="true"
52            android:launchMode="singleTop"
53            android:theme="@style/LaunchTheme"
54            android:windowSoftInputMode="adjustResize" >
55
56            <!--
57                 Specifies an Android theme to apply to this Activity as soon as
58                 the Android process has started. This theme is visible to the user
59                 while the Flutter UI initializes. After that, this theme continues
60                 to determine the Window background behind the Flutter UI.
61            -->
62            <meta-data
63                android:name="io.flutter.embedding.android.NormalTheme"
64                android:resource="@style/NormalTheme" />
65
66            <intent-filter>
67                <action android:name="android.intent.action.MAIN" />
68
69                <category android:name="android.intent.category.LAUNCHER" />
70            </intent-filter>
71        </activity>
72        <!--
73             Don't delete the meta-data below.
74             This is used by the Flutter tool to generate GeneratedPluginRegistrant.java
75        -->
76        <meta-data
77            android:name="flutterEmbedding"
78            android:value="2" />
79
80        <uses-library
80-->[androidx.window:window:1.0.0-beta04] AndroidManifest.xml:25:9-27:40
81            android:name="androidx.window.extensions"
81-->[androidx.window:window:1.0.0-beta04] AndroidManifest.xml:26:13-54
82            android:required="false" />
82-->[androidx.window:window:1.0.0-beta04] AndroidManifest.xml:27:13-37
83        <uses-library
83-->[androidx.window:window:1.0.0-beta04] AndroidManifest.xml:28:9-30:40
84            android:name="androidx.window.sidecar"
84-->[androidx.window:window:1.0.0-beta04] AndroidManifest.xml:29:13-51
85            android:required="false" />
85-->[androidx.window:window:1.0.0-beta04] AndroidManifest.xml:30:13-37
86    </application>
87
88</manifest>